<?xml version="1.0" encoding="UTF-8"?>
<!-- Generated by org.testng.reporters.JUnitXMLReporter -->
<testsuite ignored="0" hostname="GgsTech6338Lap" failures="0" tests="3" name="Surefire test" time="6.304" errors="0" timestamp="2023-10-10T16:31:05 EET">
  <testcase classname="test.APITestCases" name="testLoginEndpoint" time="3.107"/>
  <testcase classname="test.APITestCases" name="testLoginEndpointWrongCredentials" time="0.537"/>
  <testcase classname="test.APITestCases" name="testWhoAmIEndpoint" time="0.937"/>
</testsuite> <!-- Surefire test -->
