<?xml version="1.0" encoding="UTF-8"?>
<testng-results ignored="0" total="3" passed="3" failed="0" skipped="0">
  <reporter-output>
  </reporter-output>
  <suite started-at="2023-10-10T16:30:59 EET" name="Surefire suite" finished-at="2023-10-10T16:31:05 EET" duration-ms="6304">
    <groups>
    </groups>
    <test started-at="2023-10-10T16:30:59 EET" name="Surefire test" finished-at="2023-10-10T16:31:05 EET" duration-ms="6304">
      <class name="test.APITestCases">
        <test-method is-config="true" signature="setup()[pri:0, instance:test.APITestCases@4f449e8f]" started-at="2023-10-10T16:30:59 EET" name="setup" finished-at="2023-10-10T16:31:01 EET" duration-ms="1498" status="PASS">
          <reporter-output>
          </reporter-output>
        </test-method> <!-- setup -->
        <test-method signature="testLoginEndpoint()[pri:0, instance:test.APITestCases@4f449e8f]" started-at="2023-10-10T16:31:01 EET" name="testLoginEndpoint" finished-at="2023-10-10T16:31:04 EET" duration-ms="3107" status="PASS">
          <reporter-output>
          </reporter-output>
        </test-method> <!-- testLoginEndpoint -->
        <test-method signature="testLoginEndpointWrongCredentials()[pri:0, instance:test.APITestCases@4f449e8f]" started-at="2023-10-10T16:31:04 EET" name="testLoginEndpointWrongCredentials" finished-at="2023-10-10T16:31:04 EET" duration-ms="537" status="PASS">
          <reporter-output>
          </reporter-output>
        </test-method> <!-- testLoginEndpointWrongCredentials -->
        <test-method signature="testWhoAmIEndpoint()[pri:0, instance:test.APITestCases@4f449e8f]" started-at="2023-10-10T16:31:04 EET" name="testWhoAmIEndpoint" finished-at="2023-10-10T16:31:05 EET" duration-ms="937" status="PASS">
          <reporter-output>
          </reporter-output>
        </test-method> <!-- testWhoAmIEndpoint -->
      </class> <!-- test.APITestCases -->
    </test> <!-- Surefire test -->
  </suite> <!-- Surefire suite -->
</testng-results>
